{"/Users/casvalkyriespicer/Documents/GitHub/square-root/getSquareRoot.js": {"path":"/Users/casvalkyriespicer/Documents/GitHub/square-root/getSquareRoot.js","statementMap":{"0":{"start":{"line":7,"column":8},"end":{"line":7,"column":32}},"1":{"start":{"line":13,"column":0},"end":{"line":13,"column":30}}},"fnMap":{"0":{"name":"getSquareRoot","decl":{"start":{"line":1,"column":9},"end":{"line":1,"column":22}},"loc":{"start":{"line":1,"column":31},"end":{"line":11,"column":1}},"line":1}},"branchMap":{},"s":{"0":1,"1":1},"f":{"0":1},"b":{},"_coverageSchema":"1a1c01bbd47fc00a2c39e90264f33305004495a9","hash":"9ce8dfe69164fab832bea178a2db994ed25fc9fa"}
}
